<?xml version="1.0" encoding="UTF-8"?>
<coverage generated="1663870055885" clover="3.2.0">
  <project timestamp="1663870055885" name="All files">
    <metrics statements="5" coveredstatements="5" conditionals="4" coveredconditionals="4" methods="2" coveredmethods="2" elements="11" coveredelements="11" complexity="0" loc="5" ncloc="5" packages="1" files="1" classes="1"/>
    <file name="sum.js" path="C:\Users\praprata1\Documents\Training_Course_Core_XT_101(LocalStorage)\projects\workshops-app-spa\src\ts\experiments\sum.js">
      <metrics statements="5" coveredstatements="5" conditionals="4" coveredconditionals="4" methods="2" coveredmethods="2"/>
      <line num="3" count="1" type="stmt"/>
      <line num="7" count="4" type="cond" truecount="4" falsecount="0"/>
      <line num="8" count="2" type="stmt"/>
      <line num="10" count="2" type="stmt"/>
      <line num="13" count="1" type="stmt"/>
    </file>
  </project>
</coverage>
