{"C:\\Users\\praprata1\\Documents\\Training_Course_Core_XT_101(LocalStorage)\\projects\\workshops-app-spa\\src\\ts\\experiments\\sum.js": {"path":"C:\\Users\\praprata1\\Documents\\Training_Course_Core_XT_101(LocalStorage)\\projects\\workshops-app-spa\\src\\ts\\experiments\\sum.js","statementMap":{"0":{"start":{"line":3,"column":4},"end":{"line":3,"column":17}},"1":{"start":{"line":7,"column":4},"end":{"line":9,"column":5}},"2":{"start":{"line":8,"column":8},"end":{"line":8,"column":68}},"3":{"start":{"line":10,"column":4},"end":{"line":10,"column":31}},"4":{"start":{"line":13,"column":2},"end":{"line":16,"column":4}}},"fnMap":{"0":{"name":"sum","decl":{"start":{"line":2,"column":9},"end":{"line":2,"column":12}},"loc":{"start":{"line":2,"column":19},"end":{"line":4,"column":3}},"line":2},"1":{"name":"hypotenuse","decl":{"start":{"line":6,"column":9},"end":{"line":6,"column":19}},"loc":{"start":{"line":6,"column":24},"end":{"line":11,"column":1}},"line":6}},"branchMap":{"0":{"loc":{"start":{"line":7,"column":4},"end":{"line":9,"column":5}},"type":"if","locations":[{"start":{"line":7,"column":4},"end":{"line":9,"column":5}},{"start":{},"end":{}}],"line":7},"1":{"loc":{"start":{"line":7,"column":7},"end":{"line":7,"column":17}},"type":"binary-expr","locations":[{"start":{"line":7,"column":7},"end":{"line":7,"column":10}},{"start":{"line":7,"column":14},"end":{"line":7,"column":17}}],"line":7}},"s":{"0":1,"1":4,"2":2,"3":2,"4":1},"f":{"0":1,"1":4},"b":{"0":[2,2],"1":[4,2]},"_coverageSchema":"1a1c01bbd47fc00a2c39e90264f33305004495a9","hash":"af95060401111a9a6c589b4153ccaed65ca67cb6"}
}
