{"C:\\Users\\praprata1\\Documents\\Training_Course_Core_XT_101(LocalStorage)\\Sumeet_Sir_Training\\Day5\\UnitTesting\\UsingJEST\\math.js": {"path":"C:\\Users\\praprata1\\Documents\\Training_Course_Core_XT_101(LocalStorage)\\Sumeet_Sir_Training\\Day5\\UnitTesting\\UsingJEST\\math.js","statementMap":{"0":{"start":{"line":1,"column":17},"end":{"line":14,"column":3}},"1":{"start":{"line":3,"column":6},"end":{"line":3,"column":19}},"2":{"start":{"line":6,"column":6},"end":{"line":6,"column":19}},"3":{"start":{"line":9,"column":6},"end":{"line":9,"column":19}},"4":{"start":{"line":12,"column":6},"end":{"line":12,"column":19}},"5":{"start":{"line":16,"column":2},"end":{"line":16,"column":28}}},"fnMap":{"0":{"name":"(anonymous_0)","decl":{"start":{"line":2,"column":9},"end":{"line":2,"column":10}},"loc":{"start":{"line":2,"column":25},"end":{"line":4,"column":5}},"line":2},"1":{"name":"sum","decl":{"start":{"line":5,"column":23},"end":{"line":5,"column":26}},"loc":{"start":{"line":5,"column":33},"end":{"line":7,"column":5}},"line":5},"2":{"name":"sum","decl":{"start":{"line":8,"column":21},"end":{"line":8,"column":24}},"loc":{"start":{"line":8,"column":31},"end":{"line":10,"column":5}},"line":8},"3":{"name":"(anonymous_3)","decl":{"start":{"line":11,"column":13},"end":{"line":11,"column":14}},"loc":{"start":{"line":11,"column":29},"end":{"line":13,"column":5}},"line":11}},"branchMap":{},"s":{"0":1,"1":2,"2":1,"3":1,"4":1,"5":1},"f":{"0":2,"1":1,"2":1,"3":1},"b":{},"_coverageSchema":"1a1c01bbd47fc00a2c39e90264f33305004495a9","hash":"0483d1635787b46a157716a3bb9d37c090c21776"}
}
